<?xml version="1.0" encoding="UTF-8"?>
<!-- Generated by org.testng.reporters.JUnitReportReporter -->
<testsuite hostname="LAPTOP-8MEQBBM7" failures="0" tests="1" name="TestRestProject.TestRestProject.CourcesSum" time="1.174" errors="0" timestamp="2020-11-08T15:04:17 GST" skipped="0">
  <testcase classname="TestRestProject.TestRestProject.CourcesSum" name="sumOfAll" time="1.174"/>
  <system-out/>
</testsuite> <!-- TestRestProject.TestRestProject.CourcesSum -->
