<?xml version="1.0" encoding="UTF-8"?>
<!-- Generated by org.testng.reporters.JUnitReportReporter -->
<testsuite hostname="LAPTOP-8MEQBBM7" failures="0" tests="3" name="TestRestProject.TestRestProject.DynamicJson" time="3.441" errors="0" timestamp="2020-11-08T18:41:28 GST" skipped="0">
  <testcase classname="TestRestProject.TestRestProject.DynamicJson" name="addBook" time="0.477"/>
  <system-out/>
  <testcase classname="TestRestProject.TestRestProject.DynamicJson" name="addBook" time="0.475"/>
  <system-out/>
  <testcase classname="TestRestProject.TestRestProject.DynamicJson" name="addBook" time="2.489"/>
  <system-out/>
</testsuite> <!-- TestRestProject.TestRestProject.DynamicJson -->
