<?xml version="1.0" encoding="UTF-8"?>
<!-- Generated by org.testng.reporters.JUnitReportReporter -->
<testsuite hostname="LAPTOP-8MEQBBM7" failures="0" tests="1" name="TestRestProject.TestRestProject.jiraTest" time="2.258" errors="0" timestamp="2020-11-10T11:55:49 GST" skipped="0">
  <testcase classname="TestRestProject.TestRestProject.jiraTest" name="addComment" time="2.258"/>
  <system-out/>
</testsuite> <!-- TestRestProject.TestRestProject.jiraTest -->
